<?xml version="1.0" encoding="UTF-8"?>
<!-- Generated by org.testng.reporters.JUnitReportReporter -->
<testsuite hostname="DESKTOP-DLI52N7" failures="0" tests="1" name="testNGPack2.Class1" time="32.748" errors="0" timestamp="2023-01-22T00:23:54 IST" skipped="0">
  <testcase classname="testNGPack2.Class1" name="sql" time="32.748"/>
  <system-out/>
</testsuite> <!-- testNGPack2.Class1 -->
