<?xml version="1.0" encoding="UTF-8"?>
<!-- Generated by org.testng.reporters.JUnitReportReporter -->
<testsuite hostname="DESKTOP-DLI52N7" failures="0" tests="2" name="testNGpackage.Class1" time="0.041" errors="0" timestamp="2023-01-23T15:33:33 IST" skipped="0">
  <testcase classname="testNGpackage.Class1" name="tomorrow" time="0.022"/>
  <system-out>
    <![CDATA[i am tomorrow method]]>
  </system-out>
  <testcase classname="testNGpackage.Class1" name="today" time="0.019"/>
  <system-out>
    <![CDATA[i am today method]]>
  </system-out>
</testsuite> <!-- testNGpackage.Class1 -->
