<?xml version="1.0" encoding="UTF-8"?>
<!-- Generated by org.testng.reporters.JUnitReportReporter -->
<testsuite hostname="DESKTOP-DLI52N7" failures="0" tests="1" name="flag.flag1" time="18.551" errors="0" timestamp="2023-01-21T00:12:41 IST" skipped="0">
  <testcase classname="flag.flag1" name="sql" time="18.551"/>
  <system-out/>
</testsuite> <!-- flag.flag1 -->
