<?xml version="1.0" encoding="UTF-8"?>
<!-- Generated by org.testng.reporters.JUnitReportReporter -->
<testsuite hostname="DESKTOP-DLI52N7" failures="0" tests="1" name="testNGPack2.Class3" time="28.691" errors="0" timestamp="2023-01-22T00:23:54 IST" skipped="0">
  <testcase classname="testNGPack2.Class3" name="java" time="28.691"/>
  <system-out/>
</testsuite> <!-- testNGPack2.Class3 -->
