<?xml version="1.0" encoding="UTF-8"?>
<!-- Generated by org.testng.reporters.JUnitReportReporter -->
<testsuite hostname="DESKTOP-DLI52N7" failures="0" tests="1" name="testNGpackage.TestValidLogin" time="23.570" errors="0" timestamp="2023-01-24T23:55:59 IST" skipped="0">
  <testcase classname="testNGpackage.TestValidLogin" name="validLogin" time="23.570"/>
  <system-out/>
</testsuite> <!-- testNGpackage.TestValidLogin -->
