<?xml version="1.0" encoding="UTF-8"?>
<!-- Generated by org.testng.reporters.JUnitReportReporter -->
<testsuite hostname="DESKTOP-DLI52N7" failures="0" tests="2" name="testNGpackage.Class2" time="0.030" errors="0" timestamp="2023-01-23T15:35:56 IST" skipped="0">
  <testcase classname="testNGpackage.Class2" name="test1" time="0.020"/>
  <system-out>
    <![CDATA[i am test1 method]]>
  </system-out>
  <testcase classname="testNGpackage.Class2" name="test2" time="0.010"/>
  <system-out>
    <![CDATA[i am test2 method]]>
  </system-out>
</testsuite> <!-- testNGpackage.Class2 -->
