<?xml version="1.0" encoding="UTF-8"?>
<!-- Generated by org.testng.reporters.JUnitReportReporter -->
<testsuite hostname="DESKTOP-DLI52N7" failures="0" tests="3" name="flag.Flag4" time="0.020" errors="0" timestamp="2023-01-21T23:54:31 IST" skipped="0">
  <testcase classname="flag.Flag4" name="LogOut" time="0.002"/>
  <system-out>
    <![CDATA[Log Out]]>
  </system-out>
  <testcase classname="flag.Flag4" name="LogIN" time="0.014"/>
  <system-out>
    <![CDATA[Log IN]]>
  </system-out>
  <testcase classname="flag.Flag4" name="CreateUser" time="0.004"/>
  <system-out>
    <![CDATA[Create User]]>
  </system-out>
</testsuite> <!-- flag.Flag4 -->
