<?xml version="1.0" encoding="UTF-8"?>
<!-- Generated by org.testng.reporters.JUnitReportReporter -->
<testsuite hostname="DESKTOP-DLI52N7" failures="0" tests="10" name="flag.Flag3" time="94.044" errors="0" timestamp="2023-01-21T13:41:36 IST" skipped="0">
  <testcase classname="flag.Flag3" name="flag3" time="8.407"/>
  <system-out/>
  <testcase classname="flag.Flag3" name="flag3" time="10.533"/>
  <system-out/>
  <testcase classname="flag.Flag3" name="flag3" time="7.862"/>
  <system-out/>
  <testcase classname="flag.Flag3" name="flag3" time="12.979"/>
  <system-out/>
  <testcase classname="flag.Flag3" name="flag3" time="8.016"/>
  <system-out/>
  <testcase classname="flag.Flag3" name="flag3" time="8.100"/>
  <system-out/>
  <testcase classname="flag.Flag3" name="flag3" time="8.990"/>
  <system-out/>
  <testcase classname="flag.Flag3" name="flag3" time="13.052"/>
  <system-out/>
  <testcase classname="flag.Flag3" name="flag3" time="7.792"/>
  <system-out/>
  <testcase classname="flag.Flag3" name="flag3" time="8.313"/>
  <system-out/>
</testsuite> <!-- flag.Flag3 -->
