<?xml version="1.0" encoding="UTF-8"?>
<!-- Generated by org.testng.reporters.JUnitReportReporter -->
<testsuite hostname="DESKTOP-DLI52N7" failures="0" tests="3" name="testNGpackage.Demo" time="0.018" errors="0" timestamp="2023-01-22T00:22:54 IST" skipped="0">
  <testcase classname="testNGpackage.Demo" name="demo" time="0.013"/>
  <system-out>
    <![CDATA[This is demo method]]>
  </system-out>
  <testcase classname="testNGpackage.Demo" name="demo1" time="0.002"/>
  <system-out>
    <![CDATA[This is demo1 method]]>
  </system-out>
  <testcase classname="testNGpackage.Demo" name="demo2" time="0.003"/>
  <system-out>
    <![CDATA[This is demo2 method]]>
  </system-out>
</testsuite> <!-- testNGpackage.Demo -->
