<?xml version="1.0" encoding="UTF-8"?>
<!-- Generated by org.testng.reporters.JUnitReportReporter -->
<testsuite hostname="DESKTOP-DLI52N7" failures="0" tests="12" name="flag.GroupFlag" time="0.091" errors="0" timestamp="2023-01-21T23:44:29 IST" skipped="0">
  <testcase classname="flag.GroupFlag" name="it4" time="0.012"/>
  <system-out>
    <![CDATA[INTEGRATION TESTING4]]>
  </system-out>
  <testcase classname="flag.GroupFlag" name="it6" time="0.010"/>
  <system-out>
    <![CDATA[INTEGRATION TESTING6]]>
  </system-out>
  <testcase classname="flag.GroupFlag" name="st2" time="0.006"/>
  <system-out>
    <![CDATA[SYSTEM TESTING2]]>
  </system-out>
  <testcase classname="flag.GroupFlag" name="st3" time="0.003"/>
  <system-out>
    <![CDATA[SYSTEM TESTING3]]>
  </system-out>
  <testcase classname="flag.GroupFlag" name="st4" time="0.010"/>
  <system-out>
    <![CDATA[SYSTEM TESTING4]]>
  </system-out>
  <testcase classname="flag.GroupFlag" name="st6" time="0.003"/>
  <system-out>
    <![CDATA[SYSTEM TESTING6]]>
  </system-out>
  <testcase classname="flag.GroupFlag" name="it2" time="0.006"/>
  <system-out>
    <![CDATA[INTEGRATION TESTING2]]>
  </system-out>
  <testcase classname="flag.GroupFlag" name="it3" time="0.011"/>
  <system-out>
    <![CDATA[INTEGRATION TESTING3]]>
  </system-out>
  <testcase classname="flag.GroupFlag" name="it1" time="0.021"/>
  <system-out>
    <![CDATA[INTEGRATION TESTING1]]>
  </system-out>
  <testcase classname="flag.GroupFlag" name="st1" time="0.003"/>
  <system-out>
    <![CDATA[SYSTEM TESTING1]]>
  </system-out>
  <testcase classname="flag.GroupFlag" name="it5" time="0.004"/>
  <system-out>
    <![CDATA[INTEGRATION TESTING5]]>
  </system-out>
  <testcase classname="flag.GroupFlag" name="st5" time="0.002"/>
  <system-out>
    <![CDATA[SYSTEM TESTING5]]>
  </system-out>
</testsuite> <!-- flag.GroupFlag -->
