<?xml version="1.0" encoding="UTF-8"?>
<!-- Generated by org.testng.reporters.JUnitReportReporter -->
<testsuite hostname="DESKTOP-DLI52N7" failures="0" tests="3" name="testNGpackage.Sumo" time="0.023" errors="0" timestamp="2023-01-19T22:11:33 IST" skipped="0">
  <testcase classname="testNGpackage.Sumo" name="sumo" time="0.019"/>
  <system-out>
    <![CDATA[This is sumo method]]>
  </system-out>
  <testcase classname="testNGpackage.Sumo" name="sumo2" time="0.001"/>
  <system-out>
    <![CDATA[This is sumo2 method]]>
  </system-out>
  <testcase classname="testNGpackage.Sumo" name="sumo1" time="0.003"/>
  <system-out>
    <![CDATA[This is sumo1 method]]>
  </system-out>
</testsuite> <!-- testNGpackage.Sumo -->
