<?xml version="1.0" encoding="UTF-8"?>
<!-- Generated by org.testng.reporters.JUnitReportReporter -->
<testsuite hostname="DESKTOP-DLI52N7" failures="0" tests="2" name="flag.Flag2" time="11.836" errors="0" timestamp="2023-01-21T00:41:21 IST" skipped="1">
  <testcase classname="flag.Flag2" name="mt1" time="11.836"/>
  <system-out/>
  <testcase classname="flag.Flag2" name="mt">
    <skipped/>
  </testcase> <!-- mt -->
  <system-out/>
</testsuite> <!-- flag.Flag2 -->
