<?xml version="1.0" encoding="UTF-8"?>
<!-- Generated by org.testng.reporters.JUnitReportReporter -->
<testsuite hostname="DESKTOP-DLI52N7" failures="0" tests="1" name="annotations.Annotations" time="0.014" errors="0" timestamp="2023-01-22T15:09:15 IST" skipped="0">
  <testcase classname="annotations.Annotations" name="test" time="0.014"/>
  <system-out>
    <![CDATA[@Test]]>
  </system-out>
</testsuite> <!-- annotations.Annotations -->
