<?xml version="1.0" encoding="UTF-8"?>
<!-- Generated by org.testng.reporters.JUnitReportReporter -->
<testsuite hostname="DESKTOP-DLI52N7" failures="0" tests="8" name="flag.PriorityClass" time="0.053" errors="0" timestamp="2023-01-21T14:29:00 IST" skipped="0">
  <testcase classname="flag.PriorityClass" name="k" time="0.003"/>
  <system-out>
    <![CDATA[k]]>
  </system-out>
  <testcase classname="flag.PriorityClass" name="a" time="0.018"/>
  <system-out>
    <![CDATA[a]]>
  </system-out>
  <testcase classname="flag.PriorityClass" name="g" time="0.006"/>
  <system-out>
    <![CDATA[g]]>
  </system-out>
  <testcase classname="flag.PriorityClass" name="b" time="0.004"/>
  <system-out>
    <![CDATA[b]]>
  </system-out>
  <testcase classname="flag.PriorityClass" name="h" time="0.005"/>
  <system-out>
    <![CDATA[h]]>
  </system-out>
  <testcase classname="flag.PriorityClass" name="p" time="0.007"/>
  <system-out>
    <![CDATA[p]]>
  </system-out>
  <testcase classname="flag.PriorityClass" name="z" time="0.007"/>
  <system-out>
    <![CDATA[z]]>
  </system-out>
  <testcase classname="flag.PriorityClass" name="m" time="0.003"/>
  <system-out>
    <![CDATA[m]]>
  </system-out>
</testsuite> <!-- flag.PriorityClass -->
