<?xml version="1.0" encoding="UTF-8"?>
<!-- Generated by org.testng.reporters.JUnitReportReporter -->
<testsuite hostname="DESKTOP-DLI52N7" failures="0" tests="3" name="testNGpackage.Remo" time="0.007" errors="0" timestamp="2023-01-19T22:11:33 IST" skipped="0">
  <testcase classname="testNGpackage.Remo" name="remo1" time="0.003"/>
  <system-out>
    <![CDATA[This is remo1 method]]>
  </system-out>
  <testcase classname="testNGpackage.Remo" name="remo" time="0.002"/>
  <system-out>
    <![CDATA[This is remo method]]>
  </system-out>
  <testcase classname="testNGpackage.Remo" name="remo2" time="0.002"/>
  <system-out>
    <![CDATA[This is remo2 method]]>
  </system-out>
</testsuite> <!-- testNGpackage.Remo -->
